OMP: Info #271: omp_set_nested routine deprecated, please use omp_set_max_active_levels instead.
/workspace/AMI/BA/dataproc.py:225: FutureWarning: Calling int on a single element Series is deprecated and will raise a TypeError in the future. Use int(ser.iloc[0]) instead
  for label in range(int(labels.max())+1):
/opt/conda/lib/python3.8/site-packages/sklearn/utils/validation.py:63: DataConversionWarning: A column-vector y was passed when a 1d array was expected. Please change the shape of y to (n_samples, ), for example using ravel().
  return f(*args, **kwargs)
/opt/conda/lib/python3.8/site-packages/sklearn/utils/validation.py:63: DataConversionWarning: A column-vector y was passed when a 1d array was expected. Please change the shape of y to (n_samples, ), for example using ravel().
  return f(*args, **kwargs)
/opt/conda/lib/python3.8/site-packages/sklearn/utils/validation.py:63: DataConversionWarning: A column-vector y was passed when a 1d array was expected. Please change the shape of y to (n_samples, ), for example using ravel().
  return f(*args, **kwargs)
/opt/conda/lib/python3.8/site-packages/sklearn/utils/validation.py:63: DataConversionWarning: A column-vector y was passed when a 1d array was expected. Please change the shape of y to (n_samples, ), for example using ravel().
  return f(*args, **kwargs)
/opt/conda/lib/python3.8/site-packages/sklearn/utils/validation.py:63: DataConversionWarning: A column-vector y was passed when a 1d array was expected. Please change the shape of y to (n_samples, ), for example using ravel().
  return f(*args, **kwargs)
/opt/conda/lib/python3.8/site-packages/sklearn/utils/validation.py:63: DataConversionWarning: A column-vector y was passed when a 1d array was expected. Please change the shape of y to (n_samples, ), for example using ravel().
  return f(*args, **kwargs)
/workspace/AMI/BA/dataproc.py:225: FutureWarning: Calling int on a single element Series is deprecated and will raise a TypeError in the future. Use int(ser.iloc[0]) instead
  for label in range(int(labels.max())+1):
/workspace/AMI/BA/pred_model.py:81: RuntimeWarning: divide by zero encountered in true_divide
  return np.mean(np.abs((y_true - y_pred) / y_true)) * 100
/workspace/AMI/BA/pred_model.py:81: RuntimeWarning: divide by zero encountered in true_divide
  return np.mean(np.abs((y_true - y_pred) / y_true)) * 100
self.data_train.shape:  (365, 42)
self.data_test.shape:  (202, 42)
DatetimeIndex(['2022-03-02', '2022-03-03', '2022-03-04', '2022-03-05',
               '2022-03-06', '2022-03-07', '2022-03-08', '2022-03-09',
               '2022-03-10', '2022-03-11',
               ...
               '2023-02-19', '2023-02-20', '2023-02-21', '2023-02-22',
               '2023-02-23', '2023-02-24', '2023-02-25', '2023-02-26',
               '2023-02-27', '2023-02-28'],
              dtype='datetime64[ns]', name='Time', length=364, freq=None)
DatetimeIndex(['2022-03-02', '2022-03-03', '2022-03-04', '2022-03-05',
               '2022-03-06', '2022-03-07', '2022-03-08', '2022-03-09',
               '2022-03-10', '2022-03-11',
               ...
               '2023-02-19', '2023-02-20', '2023-02-21', '2023-02-22',
               '2023-02-23', '2023-02-24', '2023-02-25', '2023-02-26',
               '2023-02-27', '2023-02-28'],
              dtype='datetime64[ns]', name='Time', length=364, freq=None)
DatetimeIndex(['2022-03-02', '2022-03-03', '2022-03-04', '2022-03-05',
               '2022-03-06', '2022-03-07', '2022-03-08', '2022-03-09',
               '2022-03-10', '2022-03-11',
               ...
               '2023-02-19', '2023-02-20', '2023-02-21', '2023-02-22',
               '2023-02-23', '2023-02-24', '2023-02-25', '2023-02-26',
               '2023-02-27', '2023-02-28'],
              dtype='datetime64[ns]', name='Time', length=364, freq=None)
DatetimeIndex(['2022-03-02', '2022-03-03', '2022-03-04', '2022-03-05',
               '2022-03-06', '2022-03-07', '2022-03-08', '2022-03-09',
               '2022-03-10', '2022-03-11',
               ...
               '2023-02-19', '2023-02-20', '2023-02-21', '2023-02-22',
               '2023-02-23', '2023-02-24', '2023-02-25', '2023-02-26',
               '2023-02-27', '2023-02-28'],
              dtype='datetime64[ns]', name='Time', length=364, freq=None)
data_train_augmented.shape:  (1821, 42)
SelctedFeaturesSrt:  ['dc10LmcsCa', 'vs', 'ts', 'day_month_x', 'day_month_y', 'day_year_x', 'month_x', 'month_y', 'day__0', 'day__1', 'day__2', 'day__4', 'day__5', 'weekdays', 'wd_x', 'wd_y', 'power_yesterday', 'power_ema4', 'power_ema7', 'power_ema14']
opt_n_estimators,opt_max_depth,opt_learning_rate:  (100, 5, 0.1)
[0.00305448 0.00378341 0.00970312 0.04663792 0.0044504  0.00686559
 0.08441447 0.00183356 0.00219989 0.00428167 0.00457562 0.0059915
 0.00240968 0.78902966 0.00491656 0.00270986 0.01833333 0.00158491
 0.00163673 0.00158764]
opt_n_estimators,opt_max_depth,opt_learning_rate:  (100, 5, 0.1)
[0.00452716 0.00558336 0.04994186 0.01470452 0.009003   0.02991289
 0.04277485 0.03045037 0.03805484 0.01318992 0.00435406 0.02493034
 0.03084298 0.40442926 0.01211656 0.00861127 0.23717195 0.01465039
 0.01422859 0.01052188]
opt_n_estimators,opt_max_depth,opt_learning_rate:  (100, 5, 0.1)
[1.3172311e-03 5.9859973e-01 1.0472219e-03 1.4658954e-03 0.0000000e+00
 0.0000000e+00 0.0000000e+00 0.0000000e+00 1.7809796e-03 0.0000000e+00
 0.0000000e+00 0.0000000e+00 5.4221205e-06 2.2093046e-03 3.7044621e-01
 2.0418297e-02 6.3056580e-04 6.6681590e-04 2.6110109e-04 1.1512378e-03]
Fold 1: Accuracy = 0.7233
Fold 2: Accuracy = 0.6951
Fold 3: Accuracy = 0.7170
Fold 4: Accuracy = 0.7225
Fold 5: Accuracy = 0.7143
Mean Accuracy: 0.7144
